Build started 6/5/2016 5:43:02 PM.
     1>Project "c:\Users\Mert\documents\visual studio 2013\Projects\ConsoleApplication1\ConsoleApplication1\ConsoleApplication1.vcxproj" on node 2 (Build target(s)).
     1>ClCompile:
         C:\Program Files (x86)\Microsoft Visual Studio 12.0\VC\bin\CL.exe /c /ZI /nologo /W3 /WX- /sdl /Od /Oy- /D WIN32 /D _DEBUG /D _CONSOLE /D _LIB /D _UNICODE /D UNICODE /Gm /EHsc /RTC1 /MDd /GS /fp:precise /Zc:wchar_t /Zc:forScope /Yu"stdafx.h" /Fp"Debug\ConsoleApplication1.pch" /Fo"Debug\\" /Fd"Debug\vc120.pdb" /Gd /TP /analyze- /errorReport:prompt ConsoleApplication1.cpp binaryTree.cpp
         binaryTree.cpp
     1>c:\users\mert\documents\visual studio 2013\projects\consoleapplication1\consoleapplication1\binarytree.cpp(32): error C2059: syntax error : '}'
     1>c:\users\mert\documents\visual studio 2013\projects\consoleapplication1\consoleapplication1\binarytree.cpp(32): error C2143: syntax error : missing ';' before '}'
     1>c:\users\mert\documents\visual studio 2013\projects\consoleapplication1\consoleapplication1\binarytree.cpp(34): error C2143: syntax error : missing ';' before '{'
     1>c:\users\mert\documents\visual studio 2013\projects\consoleapplication1\consoleapplication1\binarytree.cpp(34): error C2447: '{' : missing function header (old-style formal list?)
     1>c:\users\mert\documents\visual studio 2013\projects\consoleapplication1\consoleapplication1\binarytree.cpp(84): error C2065: 'dal_value' : undeclared identifier
     1>c:\users\mert\documents\visual studio 2013\projects\consoleapplication1\consoleapplication1\binarytree.cpp(94): error C2084: function 'void binaryTree::destroy_tree(void)' already has a body
                 c:\users\mert\documents\visual studio 2013\projects\consoleapplication1\consoleapplication1\binarytree.h(16) : see previous definition of 'destroy_tree'
     1>c:\users\mert\documents\visual studio 2013\projects\consoleapplication1\consoleapplication1\binarytree.cpp(95): error C2065: 'root' : undeclared identifier
     1>c:\users\mert\documents\visual studio 2013\projects\consoleapplication1\consoleapplication1\binarytree.cpp(109): error C2678: binary '!=' : no operator found which takes a left-hand operand of type 'node' (or there is no acceptable conversion)
                 c:\program files (x86)\microsoft visual studio 12.0\vc\include\system_error(426): could be 'bool std::operator !=(const std::error_condition &,const std::error_code &) throw()'
                 c:\program files (x86)\microsoft visual studio 12.0\vc\include\system_error(419): or       'bool std::operator !=(const std::error_code &,const std::error_condition &) throw()'
                 c:\program files (x86)\microsoft visual studio 12.0\vc\include\exception(522): or       'bool std::operator !=(const std::exception_ptr &,std::nullptr_t)'
                 c:\program files (x86)\microsoft visual studio 12.0\vc\include\exception(517): or       'bool std::operator !=(std::nullptr_t,const std::exception_ptr &)'
                 c:\program files (x86)\microsoft visual studio 12.0\vc\include\exception(512): or       'bool std::operator !=(const std::exception_ptr &,const std::exception_ptr &)'
                 while trying to match the argument list '(node, int)'
     1>c:\users\mert\documents\visual studio 2013\projects\consoleapplication1\consoleapplication1\binarytree.cpp(109): fatal error C1903: unable to recover from previous error(s); stopping compilation
         ConsoleApplication1.cpp
         Generating Code...
     1>Done Building Project "c:\Users\Mert\documents\visual studio 2013\Projects\ConsoleApplication1\ConsoleApplication1\ConsoleApplication1.vcxproj" (Build target(s)) -- FAILED.

Build FAILED.

Time Elapsed 00:00:00.64
